<?xml version="1.0" encoding="UTF-8"?>
<!-- Generated by org.testng.reporters.JUnitReportReporter -->
<testsuite skipped="0" hostname="DESKTOP-8BTB2GC" name="org.runner.Run" tests="1" failures="0" timestamp="2025-03-22T21:53:48 IST" time="6.568" errors="0">
  <testcase name="runScenario" time="6.568" classname="org.runner.Run"/>
  <system-out/>
</testsuite> <!-- org.runner.Run -->
