<?xml version="1.0" encoding="UTF-8"?>
<!-- Generated by org.testng.reporters.JUnitReportReporter -->
<testsuite skipped="0" hostname="DESKTOP-8BTB2GC" name="org.runner.Run" tests="7" failures="0" timestamp="2025-03-17T21:49:33 IST" time="40.583" errors="0">
  <testcase name="runScenario" time="5.601" classname="org.runner.Run"/>
  <system-out/>
  <testcase name="runScenario" time="10.772" classname="org.runner.Run"/>
  <system-out/>
  <testcase name="runScenario" time="5.732" classname="org.runner.Run"/>
  <system-out/>
  <testcase name="runScenario" time="7.093" classname="org.runner.Run"/>
  <system-out/>
  <testcase name="runScenario" time="3.393" classname="org.runner.Run"/>
  <system-out/>
  <testcase name="runScenario" time="5.428" classname="org.runner.Run"/>
  <system-out/>
  <testcase name="runScenario" time="2.564" classname="org.runner.Run"/>
  <system-out/>
</testsuite> <!-- org.runner.Run -->
