<?xml version="1.0" encoding="UTF-8"?>
<!-- Generated by org.testng.reporters.JUnitReportReporter -->
<testsuite skipped="0" hostname="DESKTOP-8BTB2GC" name="org.runner.Run" tests="1" failures="0" timestamp="2025-03-17T22:16:14 IST" time="5.967" errors="0">
  <testcase name="runScenario" time="5.967" classname="org.runner.Run"/>
  <system-out/>
</testsuite> <!-- org.runner.Run -->
